> Track line x1,y1 =     .00  -40.00 x2,y2 =   40.00   20.00 dd=     .100
  0. -40.  0.
  .0554784946 -39.9167824  .100000001
  .110956989 -39.8335648  .200000003
  .16643548 -39.7503471  .300000012
  .221913978 -39.6671295  .400000006
  .277392477 -39.5839119  .5
  .33287096 -39.5006943  .600000024
  .388349444 -39.4174767  .700000048
  .443827927 -39.334259  .800000072
  .499306411 -39.2510414  .900000095
  .554784894 -39.1678238  1.00000012
  .610263407 -39.0846062  1.10000014
  .66574192 -39.0013885  1.20000017
  .721220434 -38.9181709  1.30000019
  .776698947 -38.8349533  1.40000021
  .83217746 -38.7517357  1.50000024
  .887655973 -38.6685181  1.60000026
  .943134487 -38.5853004  1.70000029
  .998613 -38.5020828  1.80000031
  1.05409145 -38.4188652  1.90000033
  1.10956991 -38.3356476  2.00000024
  1.16504836 -38.25243  2.10000014
  1.22052681 -38.1692123  2.20000005
  1.27600527 -38.0859947  2.29999995
  1.33148372 -38.0027771  2.39999986
  1.38696218 -37.9195595  2.49999976
  1.44244063 -37.8363419  2.59999967
  1.49791908 -37.7531242  2.69999957
  1.55339754 -37.6699066  2.79999948
  1.60887599 -37.586689  2.89999938
  1.66435444 -37.5034714  2.99999928
  1.7198329 -37.4202538  3.09999919
  1.77531135 -37.3370361  3.19999909
  1.8307898 -37.2538185  3.299999
  1.88626826 -37.1706009  3.3999989
  1.94174671 -37.0873833  3.49999881
  1.99722517 -37.0041656  3.59999871
  2.05270362 -36.920948  3.69999862
  2.10818219 -36.8377304  3.79999852
  2.16366076 -36.7545128  3.89999843
  2.21913934 -36.6712952  3.99999833
  2.27461791 -36.5880775  4.09999847
  2.33009648 -36.5048599  4.19999838
  2.38557506 -36.4216423  4.29999828
  2.44105363 -36.3384247  4.39999819
  2.4965322 -36.2552071  4.49999809
  2.55201077 -36.1719894  4.599998
  2.60748935 -36.0887718  4.6999979
  2.66296792 -36.0055542  4.79999781
  2.71844649 -35.9223366  4.89999771
  2.77392507 -35.839119  4.99999762
  2.82940364 -35.7559013  5.09999752
  2.88488221 -35.6726837  5.19999743
  2.94036078 -35.5894661  5.29999733
  2.99583936 -35.5062485  5.39999723
  3.05131793 -35.4230309  5.49999714
  3.1067965 -35.3398132  5.59999704
  3.16227508 -35.2565956  5.69999695
  3.21775365 -35.173378  5.79999685
  3.27323222 -35.0901604  5.89999676
  3.32871079 -35.0069427  5.99999666
  3.38418937 -34.9237251  6.09999657
  3.43966794 -34.8405075  6.19999647
  3.49514651 -34.7572899  6.29999638
  3.55062509 -34.6740723  6.39999628
  3.60610366 -34.5908546  6.49999619
  3.66158223 -34.507637  6.59999609
  3.7170608 -34.4244194  6.69999599
  3.77253938 -34.3412018  6.7999959
  3.82801795 -34.2579842  6.8999958
  3.88349652 -34.1747665  6.99999571
  3.9389751 -34.0915489  7.09999561
  3.99445367 -34.0083313  7.19999552
  4.049932 -33.9251137  7.29999542
  4.10541058 -33.8418961  7.39999533
  4.16088915 -33.7586784  7.49999523
  4.21636772 -33.6754608  7.59999514
  4.27184629 -33.5922432  7.69999504
  4.32732487 -33.5090256  7.79999495
  4.38280344 -33.425808  7.89999485
  4.43828201 -33.3425903  7.99999475
  4.49376059 -33.2593727  8.09999466
  4.54923916 -33.1761551  8.19999504
  4.60471773 -33.0929375  8.29999542
  4.6601963 -33.0097198  8.3999958
  4.71567488 -32.9265022  8.49999619
  4.77115345 -32.8432846  8.59999657
  4.82663202 -32.760067  8.69999695
  4.8821106 -32.6768494  8.79999733
  4.93758917 -32.5936317  8.89999771
  4.99306774 -32.5104141  8.99999809
  5.04854631 -32.4271965  9.09999847
  5.10402489 -32.3439789  9.19999886
  5.15950346 -32.2607613  9.29999924
  5.21498203 -32.1775436  9.39999962
  5.27046061 -32.094326  9.5
  5.32593918 -32.0111084  9.60000038
  5.38141775 -31.9278908  9.70000076
  5.43689632 -31.8446732  9.80000114
  5.4923749 -31.7614555  9.90000153
  5.54785347 -31.6782379  10.0000019
  5.60333204 -31.5950203  10.1000023
  5.65881062 -31.5118027  10.2000027
  5.71428919 -31.4285851  10.3000031
  5.76976776 -31.3453674  10.4000034
  5.82524633 -31.2621498  10.5000038
  5.88072491 -31.1789322  10.6000042
  5.93620348 -31.0957146  10.7000046
  5.99168205 -31.0124969  10.800005
  6.04716063 -30.9292793  10.9000053
  6.1026392 -30.8460617  11.0000057
  6.15811777 -30.7628441  11.1000061
  6.21359634 -30.6796265  11.2000065
  6.26907492 -30.5964088  11.3000069
  6.32455349 -30.5131912  11.4000072
  6.38003206 -30.4299736  11.5000076
  6.43551064 -30.346756  11.600008
  6.49098921 -30.2635384  11.7000084
  6.54646778 -30.1803207  11.8000088
  6.60194635 -30.0971031  11.9000092
  6.65742493 -30.0138855  12.0000095
  6.7129035 -29.9306679  12.1000099
  6.76838207 -29.8474503  12.2000103
  6.82386065 -29.7642326  12.3000107
  6.87933922 -29.681015  12.4000111
  6.93481779 -29.5977974  12.5000114
  6.99029636 -29.5145798  12.6000118
  7.04577494 -29.4313622  12.7000122
  7.10125351 -29.3481445  12.8000126
  7.15673208 -29.2649269  12.900013
  7.21221066 -29.1817093  13.0000134
  7.26768923 -29.0984917  13.1000137
  7.3231678 -29.015274  13.2000141
  7.37864637 -28.9320564  13.3000145
  7.43412495 -28.8488388  13.4000149
  7.48960352 -28.7656212  13.5000153
  7.54508209 -28.6824036  13.6000156
  7.60056067 -28.5991859  13.700016
  7.65603924 -28.5159683  13.8000164
  7.71151781 -28.4327507  13.9000168
  7.76699638 -28.3495331  14.0000172
  7.82247496 -28.2663155  14.1000175
  7.87795353 -28.1830978  14.2000179
  7.9334321 -28.0998802  14.3000183
  7.98891068 -28.0166626  14.4000187
  8.04438877 -27.933445  14.5000191
  8.09986687 -27.8502274  14.6000195
  8.15534496 -27.7670097  14.7000198
  8.21082306 -27.6837921  14.8000202
  8.26630116 -27.6005745  14.9000206
  8.32177925 -27.5173569  15.000021
  8.37725735 -27.4341393  15.1000214
  8.43273544 -27.3509216  15.2000217
  8.48821354 -27.267704  15.3000221
  8.54369164 -27.1844864  15.4000225
  8.59916973 -27.1012688  15.5000229
  8.65464783 -27.0180511  15.6000233
  8.71012592 -26.9348335  15.7000237
  8.76560402 -26.8516159  15.800024
  8.82108212 -26.7683983  15.9000244
  8.87656021 -26.6851807  16.0000248
  8.93203831 -26.601963  16.1000252
  8.9875164 -26.5187454  16.2000256
  9.0429945 -26.4355278  16.3000259
  9.0984726 -26.3523102  16.4000263
  9.15395069 -26.2690926  16.5000267
  9.20942879 -26.1858749  16.6000271
  9.26490688 -26.1026573  16.7000275
  9.32038498 -26.0194397  16.8000278
  9.37586308 -25.9362221  16.9000282
  9.43134117 -25.8530045  17.0000286
  9.48681927 -25.7697868  17.100029
  9.54229736 -25.6865692  17.2000294
  9.59777546 -25.6033516  17.3000298
  9.65325356 -25.520134  17.4000301
  9.70873165 -25.4369164  17.5000305
  9.76420975 -25.3536987  17.6000309
  9.81968784 -25.2704811  17.7000313
  9.87516594 -25.1872635  17.8000317
  9.93064404 -25.1040459  17.900032
  9.98612213 -25.0208282  18.0000324
  10.0416002 -24.9376106  18.1000328
  10.0970783 -24.854393  18.2000332
  10.1525564 -24.7711754  18.3000336
  10.2080345 -24.6879578  18.400034
  10.2635126 -24.6047401  18.5000343
  10.3189907 -24.5215225  18.6000347
  10.3744688 -24.4383049  18.7000351
  10.4299469 -24.3550873  18.8000355
  10.485425 -24.2718697  18.9000359
  10.5409031 -24.188652  19.0000362
  10.5963812 -24.1054344  19.1000366
  10.6518593 -24.0222168  19.200037
  10.7073374 -23.9389992  19.3000374
  10.7628155 -23.8557816  19.4000378
  10.8182936 -23.7725639  19.5000381
  10.8737717 -23.6893463  19.6000385
  10.9292498 -23.6061287  19.7000389
  10.9847279 -23.5229111  19.8000393
  11.040206 -23.4396935  19.9000397
  11.0956841 -23.3564758  20.0000401
  11.1511621 -23.2732582  20.1000404
  11.2066402 -23.1900406  20.2000408
  11.2621183 -23.106823  20.3000412
  11.3175964 -23.0236053  20.4000416
  11.3730745 -22.9403877  20.500042
  11.4285526 -22.8571701  20.6000423
  11.4840307 -22.7739525  20.7000427
  11.5395088 -22.6907349  20.8000431
  11.5949869 -22.6075172  20.9000435
  11.650465 -22.5242996  21.0000439
  11.7059431 -22.441082  21.1000443
  11.7614212 -22.3578644  21.2000446
  11.8168993 -22.2746468  21.300045
  11.8723774 -22.1914291  21.4000454
  11.9278555 -22.1082115  21.5000458
  11.9833336 -22.0249939  21.6000462
  12.0388117 -21.9417763  21.7000465
  12.0942898 -21.8585587  21.8000469
  12.1497679 -21.775341  21.9000473
  12.205246 -21.6921234  22.0000477
  12.2607241 -21.6089058  22.1000481
  12.3162022 -21.5256882  22.2000484
  12.3716803 -21.4424706  22.3000488
  12.4271584 -21.3592529  22.4000492
  12.4826365 -21.2760353  22.5000496
  12.5381145 -21.1928177  22.60005
  12.5935926 -21.1096001  22.7000504
  12.6490707 -21.0263824  22.8000507
  12.7045488 -20.9431648  22.9000511
  12.7600269 -20.8599472  23.0000515
  12.815505 -20.7767296  23.1000519
  12.8709831 -20.693512  23.2000523
  12.9264612 -20.6102943  23.3000526
  12.9819393 -20.5270767  23.400053
  13.0374174 -20.4438591  23.5000534
  13.0928955 -20.3606415  23.6000538
  13.1483736 -20.2774239  23.7000542
  13.2038517 -20.1942062  23.8000546
  13.2593298 -20.1109886  23.9000549
  13.3148079 -20.027771  24.0000553
  13.370286 -19.9445534  24.1000557
  13.4257641 -19.8613358  24.2000561
  13.4812422 -19.7781181  24.3000565
  13.5367203 -19.6949005  24.4000568
  13.5921984 -19.6116829  24.5000572
  13.6476765 -19.5284653  24.6000576
  13.7031546 -19.4452477  24.700058
  13.7586327 -19.36203  24.8000584
  13.8141108 -19.2788124  24.9000587
  13.8695889 -19.1955948  25.0000591
  13.9250669 -19.1123772  25.1000595
  13.980545 -19.0291595  25.2000599
  14.0360231 -18.9459419  25.3000603
  14.0915012 -18.8627243  25.4000607
  14.1469793 -18.7795067  25.500061
  14.2024574 -18.6962891  25.6000614
  14.2579355 -18.6130714  25.7000618
  14.3134136 -18.5298538  25.8000622
  14.3688917 -18.4466362  25.9000626
  14.4243698 -18.3634186  26.0000629
  14.4798479 -18.280201  26.1000633
  14.535326 -18.1969833  26.2000637
  14.5908041 -18.1137657  26.3000641
  14.6462822 -18.0305481  26.4000645
  14.7017603 -17.9473305  26.5000648
  14.7572384 -17.8641129  26.6000652
  14.8127165 -17.7808952  26.7000656
  14.8681946 -17.6976776  26.800066
  14.9236727 -17.61446  26.9000664
  14.9791508 -17.5312424  27.0000668
  15.0346289 -17.4480247  27.1000671
  15.090107 -17.3648071  27.2000675
  15.1455851 -17.2815895  27.3000679
  15.2010632 -17.1983719  27.4000683
  15.2565413 -17.1151543  27.5000687
  15.3120193 -17.0319366  27.600069
  15.3674974 -16.948719  27.7000694
  15.4229755 -16.8655014  27.8000698
  15.4784536 -16.7822838  27.9000702
  15.5339317 -16.6990662  28.0000706
  15.5894098 -16.6158485  28.100071
  15.6448879 -16.5326309  28.2000713
  15.700366 -16.4494133  28.3000717
  15.7558441 -16.3661957  28.4000721
  15.8113222 -16.2829781  28.5000725
  15.8668003 -16.1997604  28.6000729
  15.9222784 -16.1165428  28.7000732
  15.9777565 -16.0333252  28.8000736
  16.0332355 -15.9501076  28.900074
  16.0887146 -15.86689  29.0000744
  16.1441936 -15.7836723  29.1000748
  16.1996727 -15.7004547  29.2000751
  16.2551517 -15.6172371  29.3000755
  16.3106308 -15.5340195  29.4000759
  16.3661098 -15.4508018  29.5000763
  16.4215889 -15.3675842  29.6000767
  16.4770679 -15.2843666  29.7000771
  16.532547 -15.201149  29.8000774
  16.588026 -15.1179314  29.9000778
  16.6435051 -15.0347137  30.0000782
  16.6989841 -14.9514961  30.1000786
  16.7544632 -14.8682785  30.200079
  16.8099422 -14.7850609  30.3000793
  16.8654213 -14.7018433  30.4000797
  16.9209003 -14.6186256  30.5000801
  16.9763794 -14.535408  30.6000805
  17.0318584 -14.4521904  30.7000809
  17.0873375 -14.3689728  30.8000813
  17.1428165 -14.2857552  30.9000816
  17.1982956 -14.2025375  31.000082
  17.2537746 -14.1193199  31.1000824
  17.3092537 -14.0361023  31.2000828
  17.3647327 -13.9528847  31.3000832
  17.4202118 -13.8696671  31.4000835
  17.4756908 -13.7864494  31.5000839
  17.5311699 -13.7032318  31.6000843
  17.5866489 -13.6200142  31.7000847
  17.642128 -13.5367966  31.8000851
  17.697607 -13.4535789  31.9000854
  17.7530861 -13.3703613  32.0000839
  17.8085651 -13.2871437  32.1000824
  17.8640442 -13.2039261  32.2000809
  17.9195232 -13.1207085  32.3000793
  17.9750023 -13.0374908  32.4000778
  18.0304813 -12.9542732  32.5000763
  18.0859604 -12.8710556  32.6000748
  18.1414394 -12.787838  32.7000732
  18.1969185 -12.7046204  32.8000717
  18.2523975 -12.6214027  32.9000702
  18.3078766 -12.5381851  33.0000687
  18.3633556 -12.4549675  33.1000671
  18.4188347 -12.3717499  33.2000656
  18.4743137 -12.2885323  33.3000641
  18.5297928 -12.2053146  33.4000626
  18.5852718 -12.122097  33.500061
  18.6407509 -12.0388794  33.6000595
  18.6962299 -11.9556618  33.700058
  18.751709 -11.8724442  33.8000565
  18.807188 -11.7892265  33.9000549
  18.8626671 -11.7060089  34.0000534
  18.9181461 -11.6227913  34.1000519
  18.9736252 -11.5395737  34.2000504
  19.0291042 -11.456356  34.3000488
  19.0845833 -11.3731384  34.4000473
  19.1400623 -11.2899208  34.5000458
  19.1955414 -11.2067032  34.6000443
  19.2510204 -11.1234856  34.7000427
  19.3064995 -11.0402679  34.8000412
  19.3619785 -10.9570503  34.9000397
  19.4174576 -10.8738327  35.0000381
  19.4729366 -10.7906151  35.1000366
  19.5284157 -10.7073975  35.2000351
  19.5838947 -10.6241798  35.3000336
  19.6393738 -10.5409622  35.400032
  19.6948528 -10.4577446  35.5000305
  19.7503319 -10.374527  35.600029
  19.8058109 -10.2913094  35.7000275
  19.86129 -10.2080917  35.8000259
  19.916769 -10.1248741  35.9000244
  19.9722481 -10.0416565  36.0000229
  20.0277271 -9.95843887  36.1000214
  20.0832062 -9.87522125  36.2000198
  20.1386852 -9.79200363  36.3000183
  20.1941643 -9.70878601  36.4000168
  20.2496433 -9.62556839  36.5000153
  20.3051224 -9.54235077  36.6000137
  20.3606014 -9.45913315  36.7000122
  20.4160805 -9.37591553  36.8000107
  20.4715595 -9.29269791  36.9000092
  20.5270386 -9.20948029  37.0000076
  20.5825176 -9.12626266  37.1000061
  20.6379967 -9.04304504  37.2000046
  20.6934757 -8.95982742  37.3000031
  20.7489548 -8.8766098  37.4000015
  20.8044338 -8.79339218  37.5
  20.8599129 -8.71017456  37.5999985
  20.9153919 -8.62695694  37.6999969
  20.970871 -8.54373932  37.7999954
  21.02635 -8.4605217  37.8999939
  21.0818291 -8.37730408  37.9999924
  21.1373081 -8.29408646  38.0999908
  21.1927872 -8.21086884  38.1999893
  21.2482662 -8.12765121  38.2999878
  21.3037453 -8.04443359  38.3999863
  21.3592243 -7.96121597  38.4999847
  21.4147034 -7.87799835  38.5999832
  21.4701824 -7.79478073  38.6999817
  21.5256615 -7.71156311  38.7999802
  21.5811405 -7.62834549  38.8999786
  21.6366196 -7.54512787  38.9999771
  21.6920986 -7.46191025  39.0999756
  21.7475777 -7.37869263  39.1999741
  21.8030567 -7.29547501  39.2999725
  21.8585358 -7.21225739  39.399971
  21.9140148 -7.12903976  39.4999695
  21.9694939 -7.04582214  39.599968
  22.0249729 -6.96260452  39.6999664
  22.080452 -6.8793869  39.7999649
  22.135931 -6.79616928  39.8999634
  22.1914101 -6.71295166  39.9999619
  22.2468891 -6.62973404  40.0999603
  22.3023682 -6.54651642  40.1999588
  22.3578472 -6.4632988  40.2999573
  22.4133263 -6.38008118  40.3999557
  22.4688053 -6.29686356  40.4999542
  22.5242844 -6.21364594  40.5999527
  22.5797634 -6.13042831  40.6999512
  22.6352425 -6.04721069  40.7999496
  22.6907215 -5.96399307  40.8999481
  22.7462006 -5.88077545  40.9999466
  22.8016796 -5.79755783  41.0999451
  22.8571587 -5.71434021  41.1999435
  22.9126377 -5.63112259  41.299942
  22.9681168 -5.54790497  41.3999405
  23.0235958 -5.46468735  41.499939
  23.0790749 -5.38146973  41.5999374
  23.1345539 -5.29825211  41.6999359
  23.190033 -5.21503448  41.7999344
  23.245512 -5.13181686  41.8999329
  23.3009911 -5.04859924  41.9999313
  23.3564701 -4.96538162  42.0999298
  23.4119492 -4.882164  42.1999283
  23.4674282 -4.79894638  42.2999268
  23.5229073 -4.71572876  42.3999252
  23.5783863 -4.63251114  42.4999237
  23.6338654 -4.54929352  42.5999222
  23.6893444 -4.4660759  42.6999207
  23.7448235 -4.38285828  42.7999191
  23.8003025 -4.29964066  42.8999176
  23.8557816 -4.21642303  42.9999161
  23.9112606 -4.13320541  43.0999146
  23.9667397 -4.04998779  43.199913
  24.0222187 -3.96676993  43.2999115
  24.0776978 -3.88355207  43.39991
  24.1331768 -3.80033422  43.4999084
  24.1886559 -3.71711636  43.5999069
  24.2441349 -3.6338985  43.6999054
  24.299614 -3.55068064  43.7999039
  24.355093 -3.46746278  43.8999023
  24.4105721 -3.38424492  43.9999008
  24.4660511 -3.30102706  44.0998993
  24.5215302 -3.2178092  44.1998978
  24.5770092 -3.13459134  44.2998962
  24.6324883 -3.05137348  44.3998947
  24.6879673 -2.96815562  44.4998932
  24.7434464 -2.88493776  44.5998917
  24.7989254 -2.8017199  44.6998901
  24.8544044 -2.71850204  44.7998886
  24.9098835 -2.63528419  44.8998871
  24.9653625 -2.55206633  44.9998856
  25.0208416 -2.46884847  45.099884
  25.0763206 -2.38563061  45.1998825
  25.1317997 -2.30241275  45.299881
  25.1872787 -2.21919489  45.3998795
  25.2427578 -2.13597703  45.4998779
  25.2982368 -2.05275917  45.5998764
  25.3537159 -1.96954143  45.6998749
  25.4091949 -1.88632369  45.7998734
  25.464674 -1.80310595  45.8998718
  25.520153 -1.71988821  45.9998703
  25.5756321 -1.63667047  46.0998688
  25.6311111 -1.55345273  46.1998672
  25.6865902 -1.47023499  46.2998657
  25.7420692 -1.38701725  46.3998642
  25.7975483 -1.30379951  46.4998627
  25.8530273 -1.22058177  46.5998611
  25.9085064 -1.13736403  46.6998596
  25.9639854 -1.05414629  46.7998581
  26.0194645 -.97092855  46.8998566
  26.0749435 -.88771081  46.999855
  26.1304226 -.80449307  47.0998535
  26.1859016 -.72127533  47.199852
  26.2413807 -.63805759  47.2998505
  26.2968597 -.554839849  47.3998489
  26.3523388 -.471622109  47.4998474
  26.4078178 -.388404369  47.5998459
  26.4632969 -.305186629  47.6998444
  26.5187759 -.221968889  47.7998428
  26.574255 -.138751149  47.8998413
  26.629734 -.0555334017  47.9998398
  26.6852131  .0276843458  48.0998383
  26.7406921  .110902093  48.1998367
  26.7961712  .194119841  48.2998352
  26.8516502  .277337581  48.3998337
  26.9071293  .360555321  48.4998322
  26.9626083  .443773061  48.5998306
  27.0180874  .526990831  48.6998291
  27.0735664  .610208571  48.7998276
  27.1290455  .693426311  48.899826
  27.1845245  .776644051  48.9998245
  27.2400036  .859861791  49.099823
  27.2954826  .943079531  49.1998215
  27.3509617  1.02629733  49.2998199
  27.4064407  1.10951507  49.3998184
  27.4619198  1.19273281  49.4998169
  27.5173988  1.27595055  49.5998154
  27.5728779  1.35916829  49.6998138
  27.6283569  1.44238603  49.7998123
  27.683836  1.52560377  49.8998108
  27.739315  1.60882151  49.9998093
  27.7947941  1.69203925  50.0998077
  27.8502731  1.77525699  50.1998062
  27.9057522  1.85847473  50.2998047
  27.9612312  1.94169247  50.3998032
  28.0167103  2.02491021  50.4998016
  28.0721893  2.10812807  50.5998001
  28.1276684  2.19134593  50.6997986
  28.1831474  2.27456379  50.7997971
  28.2386265  2.35778165  50.8997955
  28.2941055  2.44099951  50.999794
  28.3495846  2.52421737  51.0997925
  28.4050636  2.60743523  51.199791
  28.4605427  2.69065309  51.2997894
  28.5160217  2.77387094  51.3997879
  28.5715008  2.8570888  51.4997864
  28.6269798  2.94030666  51.5997849
  28.6824589  3.02352452  51.6997833
  28.7379379  3.10674238  51.7997818
  28.793417  3.18996024  51.8997803
  28.848896  3.2731781  51.9997787
  28.9043751  3.35639596  52.0997772
  28.9598541  3.43961382  52.1997757
  29.0153332  3.52283168  52.2997742
  29.0708122  3.60604954  52.3997726
  29.1262913  3.6892674  52.4997711
  29.1817703  3.77248526  52.5997696
  29.2372494  3.85570312  52.6997681
  29.2927284  3.93892097  52.7997665
  29.3482075  4.0221386  52.899765
  29.4036865  4.10535622  52.9997635
  29.4591656  4.18857384  53.099762
  29.5146446  4.27179146  53.1997604
  29.5701237  4.35500908  53.2997589
  29.6256027  4.4382267  53.3997574
  29.6810818  4.52144432  53.4997559
  29.7365608  4.60466194  53.5997543
  29.7920399  4.68787956  53.6997528
  29.8475189  4.77109718  53.7997513
  29.902998  4.8543148  53.8997498
  29.958477  4.93753242  53.9997482
  30.0139561  5.02075005  54.0997467
  30.0694351  5.10396767  54.1997452
  30.1249142  5.18718529  54.2997437
  30.1803932  5.27040291  54.3997421
  30.2358723  5.35362053  54.4997406
  30.2913513  5.43683815  54.5997391
  30.3468304  5.52005577  54.6997375
  30.4023094  5.60327339  54.799736
  30.4577885  5.68649101  54.8997345
  30.5132675  5.76970863  54.999733
  30.5687466  5.85292625  55.0997314
  30.6242256  5.93614388  55.1997299
  30.6797047  6.0193615  55.2997284
  30.7351837  6.10257912  55.3997269
  30.7906628  6.18579674  55.4997253
  30.8461418  6.26901436  55.5997238
  30.9016209  6.35223198  55.6997223
  30.9570999  6.4354496  55.7997208
  31.012579  6.51866722  55.8997192
  31.068058  6.60188484  55.9997177
  31.1235371  6.68510246  56.0997162
  31.1790161  6.76832008  56.1997147
  31.2344952  6.8515377  56.2997131
  31.2899742  6.93475533  56.3997116
  31.3454533  7.01797295  56.4997101
  31.4009323  7.10119057  56.5997086
  31.4564114  7.18440819  56.699707
  31.5118904  7.26762581  56.7997055
  31.5673695  7.35084343  56.899704
  31.6228485  7.43406105  56.9997025
  31.6783276  7.51727867  57.0997009
  31.7338066  7.60049629  57.1996994
  31.7892857  7.68371391  57.2996979
  31.8447647  7.76693153  57.3996964
  31.9002438  7.85014915  57.4996948
  31.9557228  7.93336678  57.5996933
  32.0112  8.0165844  57.6996918
  32.0666771  8.09980202  57.7996902
  32.1221542  8.18301964  57.8996887
  32.1776314  8.26623726  57.9996872
  32.2331085  8.34945488  58.0996857
  32.2885857  8.4326725  58.1996841
  32.3440628  8.51589012  58.2996826
  32.3995399  8.59910774  58.3996811
  32.4550171  8.68232536  58.4996796
  32.5104942  8.76554298  58.599678
  32.5659714  8.8487606  58.6996765
  32.6214485  8.93197823  58.799675
  32.6769257  9.01519585  58.8996735
  32.7324028  9.09841347  58.9996719
  32.7878799  9.18163109  59.0996704
  32.8433571  9.26484871  59.1996689
  32.8988342  9.34806633  59.2996674
  32.9543114  9.43128395  59.3996658
  33.0097885  9.51450157  59.4996643
  33.0652657  9.59771919  59.5996628
  33.1207428  9.68093681  59.6996613
  33.1762199  9.76415443  59.7996597
  33.2316971  9.84737206  59.8996582
  33.2871742  9.93058968  59.9996567
  33.3426514  10.0138073  60.0996552
  33.3981285  10.0970249  60.1996536
  33.4536057  10.1802425  60.2996521
  33.5090828  10.2634602  60.3996506
  33.5645599  10.3466778  60.499649
  33.6200371  10.4298954  60.5996475
  33.6755142  10.513113  60.699646
  33.7309914  10.5963306  60.7996445
  33.7864685  10.6795483  60.8996429
  33.8419456  10.7627659  60.9996414
  33.8974228  10.8459835  61.0996399
  33.9528999  10.9292011  61.1996384
  34.0083771  11.0124187  61.2996368
  34.0638542  11.0956364  61.3996353
  34.1193314  11.178854  61.4996338
  34.1748085  11.2620716  61.5996323
  34.2302856  11.3452892  61.6996307
  34.2857628  11.4285069  61.7996292
  34.3412399  11.5117245  61.8996277
  34.3967171  11.5949421  61.9996262
  34.4521942  11.6781597  62.0996246
  34.5076714  11.7613773  62.1996231
  34.5631485  11.844595  62.2996216
  34.6186256  11.9278126  62.3996201
  34.6741028  12.0110302  62.4996185
  34.7295799  12.0942478  62.599617
  34.7850571  12.1774654  62.6996155
  34.8405342  12.2606831  62.799614
  34.8960114  12.3439007  62.8996124
  34.9514885  12.4271183  62.9996109
  35.0069656  12.5103359  63.0996094
  35.0624428  12.5935535  63.1996078
  35.1179199  12.6767712  63.2996063
  35.1733971  12.7599888  63.3996048
  35.2288742  12.8432064  63.4996033
  35.2843513  12.926424  63.5996017
  35.3398285  13.0096416  63.6996002
  35.3953056  13.0928593  63.7995987
  35.4507828  13.1760769  63.8995972
  35.5062599  13.2592945  63.9995956
  35.5617371  13.3425121  64.0995941
  35.6172142  13.4257298  64.1995926
  35.6726913  13.5089474  64.2995911
  35.7281685  13.592165  64.3995895
  35.7836456  13.6753826  64.499588
  35.8391228  13.7586002  64.5995865
  35.8945999  13.8418179  64.699585
  35.9500771  13.9250355  64.7995834
  36.0055542  14.0082531  64.8995819
  36.0610313  14.0914707  64.9995804
  36.1165085  14.1746883  65.0995789
  36.1719856  14.257906  65.1995773
  36.2274628  14.3411236  65.2995758
  36.2829399  14.4243412  65.3995743
  36.3384171  14.5075588  65.4995728
  36.3938942  14.5907764  65.5995712
  36.4493713  14.6739941  65.6995697
  36.5048485  14.7572117  65.7995682
  36.5603256  14.8404293  65.8995667
  36.6158028  14.9236469  65.9995651
  36.6712799  15.0068645  66.0995636
  36.726757  15.0900822  66.1995621
  36.7822342  15.1732998  66.2995605
  36.8377113  15.2565174  66.399559
  36.8931885  15.339735  66.4995575
  36.9486656  15.4229527  66.599556
  37.0041428  15.5061703  66.6995544
  37.0596199  15.5893879  66.7995529
  37.115097  15.6726055  66.8995514
  37.1705742  15.7558231  66.9995499
  37.2260513  15.8390408  67.0995483
  37.2815285  15.9222584  67.1995468
  37.3370056  16.005476  67.2995453
  37.3924828  16.0886936  67.3995438
  37.4479599  16.1719112  67.4995422
  37.503437  16.2551289  67.5995407
  37.5589142  16.3383465  67.6995392
  37.6143913  16.4215641  67.7995377
  37.6698685  16.5047817  67.8995361
  37.7253456  16.5879993  67.9995346
  37.7808228  16.671217  68.0995331
  37.8362999  16.7544346  68.1995316
  37.891777  16.8376522  68.29953
  37.9472542  16.9208698  68.3995285
  38.0027313  17.0040874  68.499527
  38.0582085  17.0873051  68.5995255
  38.1136856  17.1705227  68.6995239
  38.1691628  17.2537403  68.7995224
  38.2246399  17.3369579  68.8995209
  38.280117  17.4201756  68.9995193
  38.3355942  17.5033932  69.0995178
  38.3910713  17.5866108  69.1995163
  38.4465485  17.6698284  69.2995148
  38.5020256  17.753046  69.3995132
  38.5575027  17.8362637  69.4995117
  38.6129799  17.9194813  69.5995102
  38.668457  18.0026989  69.6995087
  38.7239342  18.0859165  69.7995071
  38.7794113  18.1691341  69.8995056
  38.8348885  18.2523518  69.9995041
  38.8903656  18.3355694  70.0995026
  38.9458427  18.418787  70.199501
  39.0013199  18.5020046  70.2994995
  39.056797  18.5852222  70.399498
  39.1122742  18.6684399  70.4994965
  39.1677513  18.7516575  70.5994949
  39.2232285  18.8348751  70.6994934
  39.2787056  18.9180927  70.7994919
  39.3341827  19.0013103  70.8994904
  39.3896599  19.084528  70.9994888
  39.445137  19.1677456  71.0994873
  39.5006142  19.2509632  71.1994858
  39.5560913  19.3341808  71.2994843
  39.6115685  19.4173985  71.3994827
  39.6670456  19.5006161  71.4994812
  39.7225227  19.5838337  71.5994797
  39.7779999  19.6670513  71.6994781
  39.833477  19.7502689  71.7994766
  39.8889542  19.8334866  71.8994751
  39.9444313  19.9167042  71.9994736
  39.9999084  19.9999218  72.099472
  40.  20.  72.1110229
